<?xml version="1.0" encoding="UTF-8"?>
<!-- Generated by org.testng.reporters.JUnitXMLReporter -->
<testsuite hostname="DESKTOP-AG6NOTN" ignored="2" tests="1" failures="0" timestamp="2020-04-01T12:20:37 CST" time="3.545" errors="0">
  <testcase name="test3" time="2.757" classname="RestAssuredTest"/>
  <testcase name="test1" time="0.0" classname="RestAssuredTest">
    <ignored/>
  </testcase> <!-- test1 -->
  <testcase name="test2" time="0.0" classname="RestAssuredTest">
    <ignored/>
  </testcase> <!-- test2 -->
</testsuite>
